Sample no. -> fitted f
0	-> 255.82811881188113
1	-> 264.8999999999999
2	-> 279.11821782178214
3	-> 229.68950495049498
4	-> 279.02792079207916
5	-> 245.94178217821772
6	-> 222.53405940594055
7	-> 291.25663366336624
8	-> 266.0738613861385
9	-> 240.0273267326732
10	-> 237.9332673267326
11	-> 241.83742574257417
12	-> 264.02138613861376
13	-> 247.54158415841576
14	-> 221.559207920792
15	-> 266.05366336633654
16	-> 259.4548514851484
17	-> 261.27980198019793
18	-> 250.71623762376228
19	-> 246.75742574257418
20	-> 223.57722772277222
21	-> 250.43287128712865
22	-> 245.93881188118806
23	-> 273.35049504950484
24	-> 231.53821782178215
25	-> 285.4021782178217
26	-> 227.70891089108903
27	-> 269.3465346534653
28	-> 220.1102970297029
29	-> 221.08990099009895
30	-> 255.74435643564348
31	-> 224.32574257425733
32	-> 268.7370297029703
33	-> 272.4516831683167
34	-> 232.29683168316822
35	-> 263.4986138613861
36	-> 251.1837623762376
37	-> 238.6764356435643
38	-> 256.55108910891084
39	-> 225.50316831683165
40	-> 281.82178217821775
41	-> 267.0273267326732
42	-> 234.79722772277225
43	-> 219.89405940594054
44	-> 248.22415841584152
45	-> 262.47445544554455
46	-> 245.0061386138613
47	-> 249.36534653465347
48	-> 249.85247524752467
49	-> 247.3140594059405
50	-> 245.2954455445544
51	-> 257.32514851485143
52	-> 254.2829702970296
53	-> 260.7130693069306
54	-> 248.1540594059405
55	-> 222.92495049504944
56	-> 236.80693069306923
57	-> 229.67643564356428
58	-> 243.28277227722768
59	-> 273.58990099009895
60	-> 267.339207920792
61	-> 237.41405940594052
62	-> 258.4104950495049
63	-> 232.78990099009897
64	-> 256.5433663366336
65	-> 235.98297029702965
66	-> 254.8633663366336
67	-> 256.0003960396039
68	-> 233.49683168316827
69	-> 259.10019801980195
70	-> 250.95504950495044
71	-> 257.0186138613861
72	-> 259.26178217821774
73	-> 260.698811881188
74	-> 267.3475247524752
75	-> 245.05485148514845
76	-> 276.5471287128712
77	-> 246.81564356435638
78	-> 239.69049504950488
79	-> 243.17108910891085
80	-> 248.1172277227722
81	-> 273.4057425742574
82	-> 228.58217821782173
83	-> 261.29405940594046
84	-> 264.8661386138613
85	-> 246.03148514851478
86	-> 252.31782178217819
87	-> 262.7269306930692
88	-> 240.20910891089102
89	-> 241.3663366336633
90	-> 269.62158415841577
91	-> 281.6661386138613
92	-> 279.7081188118811
93	-> 241.01405940594051
94	-> 216.37722772277218
95	-> 231.11346534653458
96	-> 251.81465346534645
97	-> 273.8643564356435
98	-> 247.70673267326725
99	-> 301.0009900990098
100	-> 231.26435643564352
101	-> 277.19940594059403
102	-> 269.1403960396039
103	-> 246.84356435643556
104	-> 262.05683168316824
105	-> 247.14772277227715
106	-> 272.00138613861384
107	-> 232.3936633663366
108	-> 248.13326732673264
109	-> 240.99920792079203
110	-> 251.48792079207914
111	-> 243.25188118811872
112	-> 227.279405940594
113	-> 253.77148514851478
114	-> 244.92772277227712
115	-> 235.21485148514844
116	-> 256.0544554455445
117	-> 258.8542574257425
118	-> 245.50871287128706
119	-> 258.559603960396
120	-> 251.8853465346534
121	-> 258.8572277227722
122	-> 243.77940594059402
123	-> 267.0011881188118
124	-> 221.61267326732667
125	-> 257.48198019801976
126	-> 247.20118811881184
127	-> 258.5209900990098
128	-> 219.2744554455445
129	-> 257.82475247524746
130	-> 275.4023762376237
131	-> 229.13168316831675
132	-> 231.02970297029697
133	-> 259.1726732673267
134	-> 264.5863366336633
135	-> 254.98217821782174
136	-> 254.5021782178217
137	-> 237.3154455445544
138	-> 220.04732673267318
139	-> 233.59603960396035
140	-> 223.78277227722768
141	-> 238.59801980198014
142	-> 231.48297029702962
143	-> 221.7065346534653
144	-> 235.16554455445538
145	-> 226.03306930693066
146	-> 226.76376237623754
147	-> 246.56079207920786
148	-> 240.68376237623752
149	-> 230.48495049504945
150	-> 278.22118811881177
151	-> 250.26712871287123
152	-> 241.81782178217816
153	-> 235.0051485148514
154	-> 243.0243564356435
155	-> 230.18554455445542
156	-> 248.2912871287128
157	-> 255.0760396039603
158	-> 225.14910891089107
159	-> 263.06316831683165
160	-> 241.35089108910884
161	-> 261.7574257425742
162	-> 216.1823762376237
163	-> 239.789702970297
164	-> 268.0116831683168
165	-> 229.71326732673265
166	-> 221.64891089108903
167	-> 231.63683168316828
168	-> 256.53564356435635
169	-> 252.4550495049504
170	-> 246.16277227722767
171	-> 221.70534653465342
172	-> 248.21346534653458
173	-> 259.47207920792073
174	-> 244.31702970297022
175	-> 215.409504950495
176	-> 213.79247524752472
177	-> 252.19425742574248
178	-> 243.3766336633663
179	-> 255.38673267326726
180	-> 244.78574257425737
181	-> 228.7075247524752
182	-> 244.42336633663362
183	-> 253.3645544554455
184	-> 257.47306930693065
185	-> 245.31920792079202
186	-> 254.948910891089
187	-> 257.7154455445544
188	-> 255.72415841584152
189	-> 262.87247524752473
190	-> 245.90851485148508
191	-> 225.8982178217821
192	-> 254.8972277227722
193	-> 250.83683168316827
194	-> 269.34297029702964
195	-> 253.31346534653457
196	-> 247.58970297029697
197	-> 236.27108910891084
198	-> 230.54198019801976
199	-> 258.009504950495
200	-> 234.37069306930684
201	-> 249.9231683168316
202	-> 272.81405940594055
203	-> 232.79405940594057
204	-> 249.76336633663357
205	-> 235.5504950495049
206	-> 239.08396039603954
207	-> 258.75623762376233
208	-> 271.51069306930685
209	-> 260.9601980198019
210	-> 246.1223762376237
211	-> 225.06831683168312
212	-> 223.5790099009901
213	-> 239.72198019801976
214	-> 219.47524752475238
215	-> 231.96831683168313
216	-> 280.4376237623762
217	-> 241.85287128712866
218	-> 209.61504950495046
219	-> 239.2823762376237
220	-> 252.80257425742568
221	-> 248.8924752475247
222	-> 246.65702970297025
223	-> 237.87504950495043
224	-> 269.0423762376237
225	-> 253.86594059405934
226	-> 252.37782178217813
227	-> 279.65940594059396
228	-> 246.5156435643564
229	-> 246.57564356435634
230	-> 226.8974257425742
231	-> 228.34158415841574
232	-> 234.0047524752475
233	-> 267.7764356435643
234	-> 243.90594059405936
235	-> 243.39742574257417
236	-> 237.36534653465338
237	-> 254.43386138613855
238	-> 248.34594059405933
239	-> 258.73603960396036
240	-> 237.3849504950494
241	-> 279.53940594059395
242	-> 252.21089108910886
243	-> 246.44613861386136
244	-> 281.03584158415833
245	-> 274.3538613861385
246	-> 282.27267326732664
247	-> 296.3560396039603
248	-> 224.42376237623753
249	-> 255.73485148514845
250	-> 241.30099009900985
251	-> 243.64158415841578
252	-> 258.54237623762367
253	-> 247.07881188118807
254	-> 259.22257425742566
255	-> 239.29069306930688
256	-> 241.2011881188118
257	-> 265.11801980198015
258	-> 258.1764356435643
259	-> 252.51623762376235
260	-> 248.09702970297022
261	-> 217.10495049504942
262	-> 254.73386138613853
263	-> 233.37564356435635
264	-> 249.30118811881184
265	-> 282.43841584158406
266	-> 261.4770297029702
267	-> 261.0261386138613
268	-> 221.34178217821776
269	-> 269.9025742574257
270	-> 253.15603960396032
271	-> 255.8685148514851
272	-> 268.2635643564356
273	-> 250.8932673267326
274	-> 261.359405940594
275	-> 278.69999999999993
276	-> 246.40930693069305
277	-> 259.2077227722772
278	-> 224.76297029702963
279	-> 229.53920792079202
280	-> 270.84712871287127
281	-> 225.03504950495042
282	-> 245.419603960396
283	-> 275.7029702970296
284	-> 265.77207920792074
285	-> 251.01267326732665
286	-> 284.06554455445536
287	-> 277.06574257425734
288	-> 243.76930693069298
289	-> 257.09702970297025
290	-> 251.69108910891086
291	-> 270.45564356435636
292	-> 279.9671287128712
293	-> 268.28613861386134
294	-> 263.29128712871284
295	-> 257.64178217821774
296	-> 256.24396039603954
297	-> 225.64455445544544
298	-> 232.9532673267326
299	-> 229.26950495049496
300	-> 288.7924752475247
301	-> 223.919405940594
302	-> 256.71980198019793
303	-> 256.6502970297029
304	-> 249.13841584158405
305	-> 239.5520792079207
306	-> 256.9104950495049
307	-> 233.4950495049505
308	-> 255.4336633663366
309	-> 255.33920792079198
310	-> 233.64831683168313
311	-> 241.39722772277221
312	-> 238.28851485148505
313	-> 257.7415841584158
314	-> 279.58455445544547
315	-> 220.7126732673267
316	-> 261.4443564356435
317	-> 222.2714851485148
318	-> 239.67920792079204
319	-> 269.2413861386138
320	-> 261.7645544554455
321	-> 240.1283168316831
322	-> 260.44930693069296
323	-> 266.1017821782178
324	-> 260.4005940594059
325	-> 243.5085148514851
326	-> 241.96336633663364
327	-> 255.5269306930692
328	-> 265.84099009900984
329	-> 219.5506930693069
330	-> 272.65188118811875
331	-> 250.64138613861383
332	-> 241.5534653465346
333	-> 274.2760396039603
334	-> 243.2964356435643
335	-> 248.98039603960387
336	-> 237.45029702970294
337	-> 264.42059405940586
338	-> 239.15287128712865
339	-> 242.43623762376234
340	-> 220.9455445544554
341	-> 244.41564356435637
342	-> 250.64198019801975
343	-> 223.29326732673266
344	-> 236.16059405940587
345	-> 263.13148514851474
346	-> 270.2215841584158
347	-> 242.81465346534648
348	-> 252.6124752475247
349	-> 260.4855445544553
350	-> 213.57267326732668
351	-> 265.8285148514851
352	-> 222.1015841584158
353	-> 234.40930693069302
354	-> 262.6223762376237
355	-> 228.8180198019801
356	-> 257.07920792079204
357	-> 250.28198019801974
358	-> 229.76316831683164
359	-> 255.60415841584148
360	-> 264.6528712871287
361	-> 261.20257425742574
362	-> 253.7382178217821
363	-> 276.08495049504944
364	-> 247.6312871287128
365	-> 244.81306930693063
366	-> 267.7057425742574
367	-> 271.98237623762367
368	-> 232.43405940594053
369	-> 277.09247524752465
370	-> 271.57603960396034
371	-> 247.23801980198013
372	-> 267.92198019801975
373	-> 270.65049504950485
374	-> 249.99801980198015
375	-> 230.249108910891
376	-> 265.7910891089108
377	-> 232.66693069306925
378	-> 253.5386138613861
379	-> 250.63603960396034
380	-> 261.2667326732673
381	-> 220.44594059405935
382	-> 233.5841584158415
383	-> 242.66851485148507
384	-> 265.58316831683163
385	-> 241.30455445544547
386	-> 245.78316831683162
387	-> 262.58792079207916
388	-> 230.1338613861385
389	-> 255.89584158415835
390	-> 226.89386138613858
391	-> 252.48475247524746
392	-> 249.6528712871286
393	-> 211.49702970297025
394	-> 258.9944554455445
395	-> 289.61821782178214
396	-> 241.2706930693069
397	-> 257.9803960396039
398	-> 241.1423762376237
399	-> 255.14198019801978
400	-> 250.3443564356435
401	-> 216.5441584158415
402	-> 229.48871287128705
403	-> 240.93564356435638
404	-> 239.33405940594054
405	-> 232.2338613861386
406	-> 270.78831683168306
407	-> 242.6459405940594
408	-> 254.5348514851485
409	-> 262.0758415841583
410	-> 256.21722772277224
411	-> 215.72673267326726
412	-> 247.67881188118804
413	-> 273.7396039603959
414	-> 238.5118811881188
415	-> 222.93980198019793
416	-> 234.84891089108902
417	-> 256.769108910891
418	-> 210.54831683168314
419	-> 245.84079207920786
420	-> 273.5275247524752
421	-> 256.87485148514844
422	-> 249.95287128712866
423	-> 237.36831683168305
424	-> 243.84653465346528
425	-> 246.4033663366336
426	-> 228.6914851485148
427	-> 246.2263366336633
428	-> 272.6203960396039
429	-> 233.7712871287128
430	-> 239.4950495049504
431	-> 238.49287128712868
432	-> 235.45247524752466
433	-> 225.62376237623758
434	-> 239.99999999999991
435	-> 236.58356435643557
436	-> 231.00118811881185
437	-> 284.55029702970285
438	-> 248.9150495049504
439	-> 237.64099009900985
440	-> 261.0172277227722
441	-> 244.49524752475241
442	-> 247.83801980198015
443	-> 232.45366336633657
444	-> 257.2889108910891
445	-> 209.27287128712862
446	-> 261.6077227722772
447	-> 235.579603960396
448	-> 231.89584158415835
449	-> 233.93405940594047
450	-> 273.5999999999999
451	-> 229.74178217821776
452	-> 260.9625742574257
453	-> 263.5960396039603
454	-> 239.9263366336633
455	-> 262.8148514851485
456	-> 235.72633663366327
457	-> 261.72356435643553
458	-> 257.4243564356435
459	-> 242.22356435643556
460	-> 247.61346534653455
461	-> 251.8069306930692
462	-> 248.49504950495046
463	-> 237.96534653465338
464	-> 268.669900990099
465	-> 253.13287128712864
466	-> 246.5203960396039
467	-> 262.6253465346534
468	-> 254.4807920792079
469	-> 233.26217821782174
470	-> 256.2861386138613
471	-> 237.71762376237618
472	-> 256.6829702970296
473	-> 260.2621782178217
474	-> 229.78930693069296
475	-> 242.02871287128704
476	-> 237.72178217821778
477	-> 255.3920792079207
478	-> 230.20574257425739
479	-> 301.2130693069306
480	-> 243.21801980198012
481	-> 261.57801980198013
482	-> 255.62613861386134
483	-> 272.1831683168316
484	-> 207.54356435643555
485	-> 258.1229702970297
486	-> 253.9823762376237
487	-> 286.6568316831682
488	-> 234.8073267326732
489	-> 261.749702970297
490	-> 250.87306930693057
491	-> 248.19801980198017
492	-> 275.79386138613853
493	-> 252.92376237623753
494	-> 239.14871287128707
495	-> 236.38455445544542
496	-> 241.3021782178217
497	-> 314.39702970297026
498	-> 236.78198019801974
499	-> 234.2215841584158
500	-> 270.0902970297029
501	-> 271.2944554455445
502	-> 253.68415841584152
503	-> 235.4007920792079
504	-> 242.52772277227717
505	-> 221.37148514851484
506	-> 259.36336633663365
507	-> 236.09108910891084
508	-> 254.51821782178212
509	-> 258.98910891089105
510	-> 266.2889108910891
511	-> 269.56455445544543
512	-> 275.1653465346534
513	-> 244.44237623762373
514	-> 229.7881188118811
515	-> 276.60237623762373
516	-> 235.01049504950487
517	-> 222.17287128712866
518	-> 239.39702970297023
519	-> 256.6805940594059
520	-> 247.4025742574257
521	-> 238.69306930693062
522	-> 254.85267326732668
523	-> 286.42990099009893
524	-> 295.0009900990098
525	-> 227.0827722772276
526	-> 254.62752475247515
527	-> 274.4435643564356
528	-> 288.8964356435643
529	-> 252.21683168316824
530	-> 251.40118811881177
531	-> 270.6279207920792
532	-> 252.6528712871286
533	-> 251.73683168316828
534	-> 242.8562376237623
535	-> 245.2039603960395
536	-> 239.3429702970297
537	-> 275.6334653465346
538	-> 256.69485148514843
539	-> 264.05881188118803
540	-> 250.86059405940588
541	-> 254.02574257425738
542	-> 267.3546534653465
543	-> 223.09663366336633
544	-> 249.61009900990092
545	-> 260.4083168316831
546	-> 246.64158415841578
547	-> 249.46099009900982
548	-> 265.79940594059406
549	-> 226.15900990099004
550	-> 278.698811881188
551	-> 254.44336633663357
552	-> 248.09821782178213
553	-> 244.17801980198013
554	-> 242.52534653465338
555	-> 235.70079207920784
556	-> 222.4075247524752
557	-> 238.96930693069302
558	-> 217.99722772277224
559	-> 287.279405940594
560	-> 244.56059405940587
561	-> 249.13247524752467
562	-> 246.15564356435635
563	-> 253.92356435643558
564	-> 288.66653465346525
565	-> 246.4473267326732
566	-> 254.76297029702965
567	-> 253.25584158415836
568	-> 248.13801980198008
569	-> 264.23643564356433
570	-> 260.64415841584156
571	-> 256.6526732673267
572	-> 276.1069306930693
573	-> 287.09524752475244
574	-> 251.2520792079207
575	-> 264.51801980198013
576	-> 246.25306930693063
577	-> 258.9178217821781
578	-> 230.91207920792075
579	-> 257.68158415841583
580	-> 248.6685148514851
581	-> 219.1883168316831
582	-> 206.02158415841578
583	-> 244.74831683168307
584	-> 248.8954455445544
585	-> 268.709108910891
586	-> 234.52336633663356
587	-> 229.24990099009895
588	-> 261.2180198019802
589	-> 226.84158415841577
590	-> 233.98158415841576
591	-> 263.1932673267326
592	-> 239.39227722772276
593	-> 239.85683168316822
594	-> 255.5203960396039
595	-> 283.26237623762376
596	-> 261.60950495049497
597	-> 240.99207920792074
598	-> 248.93702970297022
599	-> 250.079405940594
600	-> 249.9611881188118
601	-> 249.20851485148512
602	-> 242.33881188118804
603	-> 249.7075247524752
604	-> 290.6762376237623
605	-> 259.5766336633663
606	-> 249.70514851485143
607	-> 270.68910891089104
608	-> 253.1560396039604
609	-> 242.0364356435643
610	-> 251.28415841584157
611	-> 251.85326732673263
612	-> 274.9865346534653
613	-> 258.4568316831683
614	-> 240.01485148514848
615	-> 255.45267326732667
616	-> 274.0716831683168
617	-> 216.60356435643558
618	-> 252.77405940594056
619	-> 274.9633663366336
620	-> 239.29782178217818
621	-> 255.38851485148504
622	-> 267.229306930693
623	-> 243.65287128712862
624	-> 251.9756435643564
625	-> 223.70435643564352
626	-> 246.93564356435635
627	-> 288.91663366336627
628	-> 260.8467326732673
629	-> 250.1524752475247
630	-> 266.78673267326724
631	-> 237.80613861386135
632	-> 231.97188118811877
633	-> 206.5146534653465
634	-> 252.59524752475244
635	-> 236.50633663366335
636	-> 251.73861386138606
637	-> 276.7003960396039
638	-> 246.61900990099005
639	-> 230.93168316831677
640	-> 244.28910891089103
641	-> 223.859405940594
642	-> 248.6435643564356
643	-> 276.0184158415841
644	-> 256.889108910891
645	-> 261.4609900990099
646	-> 269.85683168316825
647	-> 260.1683168316831
648	-> 250.39544554455438
649	-> 229.81782178217816
650	-> 286.4227722772277
651	-> 245.97801980198014
652	-> 240.48297029702965
653	-> 264.54772277227715
654	-> 220.6283168316831
655	-> 224.92396039603958
656	-> 294.24297029702956
657	-> 260.0518811881188
658	-> 239.20514851485146
659	-> 296.40772277227717
660	-> 243.17702970297026
661	-> 253.9651485148514
662	-> 206.1332673267326
663	-> 249.29584158415838
664	-> 262.42514851485146
665	-> 248.06198019801977
666	-> 280.73999999999995
667	-> 255.95881188118804
668	-> 252.02495049504947
669	-> 247.2261386138613
670	-> 236.1112871287128
671	-> 279.389108910891
672	-> 264.07782178217815
673	-> 217.2374257425742
674	-> 278.78257425742567
675	-> 263.78792079207915
676	-> 218.95366336633654
677	-> 237.0065346534653
678	-> 257.4986138613861
679	-> 243.64811881188112
680	-> 249.30118811881184
681	-> 252.2150495049504
682	-> 265.9003960396039
683	-> 255.03980198019795
684	-> 244.44653465346528
685	-> 242.28118811881185
686	-> 254.1302970297029
687	-> 226.94851485148504
688	-> 237.27564356435633
689	-> 274.66633663366326
690	-> 237.15742574257422
691	-> 271.06039603960386
692	-> 238.82019801980186
693	-> 230.6168316831683
694	-> 225.07069306930688
695	-> 242.95603960396036
696	-> 217.1405940594059
697	-> 252.90178217821773
698	-> 193.54039603960388
699	-> 265.93009900990086
700	-> 250.00633663366332
701	-> 254.94950495049497
702	-> 258.9914851485148
703	-> 260.7885148514851
704	-> 249.08435643564346
705	-> 243.47405940594052
706	-> 247.90990099009892
707	-> 243.47168316831676
708	-> 248.02574257425738
709	-> 264.07485148514843
710	-> 267.83584158415835
711	-> 261.57920792079204
712	-> 236.8805940594059
713	-> 229.17861386138608
714	-> 248.6174257425742
715	-> 257.80871287128707
716	-> 270.19544554455445
717	-> 245.35782178217818
718	-> 277.64138613861377
719	-> 240.74613861386135
720	-> 244.15188118811875
721	-> 275.37980198019795
722	-> 270.0706930693069
723	-> 243.6445544554455
724	-> 249.1835643564356
725	-> 240.30178217821776
726	-> 245.0299009900989
727	-> 232.72990099009894
728	-> 224.84851485148508
729	-> 246.13485148514843
730	-> 269.70415841584156
731	-> 261.93148514851475
732	-> 267.20376237623753
733	-> 217.95801980198013
734	-> 257.85683168316825
735	-> 244.0681188118811
736	-> 264.8067326732672
737	-> 267.8417821782177
738	-> 264.94811881188116
739	-> 248.80277227722763
740	-> 237.47762376237617
741	-> 260.4807920792079
742	-> 245.66792079207912
743	-> 244.42217821782174
744	-> 250.919405940594
745	-> 246.97841584158405
746	-> 263.25445544554447
747	-> 248.0524752475247
748	-> 214.1174257425742
749	-> 242.24198019801975
750	-> 234.35465346534647
751	-> 238.27009900990092
752	-> 252.43188118811872
753	-> 260.1499009900989
754	-> 240.9754455445544
755	-> 241.86297029702962
756	-> 242.74811881188114
757	-> 225.46336633663367
758	-> 259.0960396039603
759	-> 262.1465346534653
760	-> 245.71960396039594
761	-> 230.55861386138608
762	-> 242.059603960396
763	-> 239.3079207920792
764	-> 256.8552475247524
765	-> 235.09841584158409
766	-> 253.92772277227718
767	-> 279.28990099009894
768	-> 252.09683168316823
769	-> 251.7308910891088
770	-> 239.6322772277227
771	-> 244.77920792079203
772	-> 212.59782178217816
773	-> 247.99009900990094
774	-> 269.26514851485143
775	-> 243.40336633663364
776	-> 253.9283168316831
777	-> 269.04772277227715
778	-> 242.52178217821776
779	-> 233.60019801980192
780	-> 256.6586138613861
781	-> 246.07603960396034
782	-> 256.88376237623754
783	-> 262.8201980198019
784	-> 267.56257425742564
785	-> 241.55287128712868
786	-> 239.9851485148514
787	-> 242.90316831683157
788	-> 285.1015841584158
789	-> 229.7976237623762
790	-> 232.5576237623762
791	-> 257.6560396039603
792	-> 236.5271287128712
793	-> 253.33247524752468
794	-> 256.0128712871287
795	-> 215.13029702970294
796	-> 261.3219801980197
797	-> 257.8722772277227
798	-> 250.04613861386133
799	-> 259.9283168316831
800	-> 259.2671287128712
801	-> 255.60297029702969
802	-> 255.69326732673264
803	-> 243.20851485148503
804	-> 242.5924752475247
805	-> 238.62891089108908
806	-> 243.7271287128712
807	-> 256.8469306930693
808	-> 236.3429702970296
809	-> 249.69029702970292
810	-> 278.3489108910891
811	-> 244.1554455445544
812	-> 281.4160396039603
813	-> 259.8504950495049
814	-> 257.3239603960396
815	-> 237.73306930693067
816	-> 248.2110891089108
817	-> 267.0932673267326
818	-> 262.1055445544554
819	-> 246.3653465346534
820	-> 239.93702970297022
821	-> 242.06792079207915
822	-> 239.99643564356433
823	-> 256.24633663366336
824	-> 227.16772277227716
825	-> 247.46376237623755
826	-> 282.2162376237623
827	-> 237.14792079207916
828	-> 257.3287128712871
829	-> 227.50633663366332
830	-> 221.13920792079202
831	-> 255.15861386138607
832	-> 251.71722772277218
833	-> 245.43623762376237
834	-> 230.54376237623754
835	-> 238.40019801980188
836	-> 256.5540594059405
837	-> 265.6247524752474
838	-> 244.8885148514851
839	-> 250.86297029702962
840	-> 261.76336633663357
841	-> 261.8827722772276
842	-> 236.20990099009893
843	-> 236.09287128712865
844	-> 283.6069306930692
845	-> 246.82693069306922
846	-> 236.8782178217821
847	-> 248.29782178217812
848	-> 235.26950495049496
849	-> 248.52891089108903
850	-> 199.79524752475243
851	-> 271.33900990099
852	-> 269.9304950495049
853	-> 271.1732673267326
854	-> 258.0362376237623
855	-> 244.95386138613856
856	-> 257.9827722772276
857	-> 262.0877227722771
858	-> 256.65504950495045
859	-> 253.37881188118806
860	-> 261.908910891089
861	-> 262.11980198019796
862	-> 242.09881188118806
863	-> 242.3964356435643
864	-> 256.06574257425734
865	-> 233.82653465346527
866	-> 224.73267326732665
867	-> 211.17623762376232
868	-> 235.48990099009893
869	-> 251.37386138613851
870	-> 252.36356435643557
871	-> 232.3223762376237
872	-> 249.46930693069297
873	-> 251.9281188118811
874	-> 219.18356435643557
875	-> 251.29782178217815
876	-> 265.90336633663355
877	-> 256.43999999999994
878	-> 248.41425742574253
879	-> 254.56277227722768
880	-> 256.15188118811875
881	-> 274.62059405940585
882	-> 208.07999999999996
883	-> 247.32594059405935
884	-> 252.60297029702963
885	-> 243.83405940594054
886	-> 233.65663366336628
887	-> 227.8182178217821
888	-> 273.95940594059397
889	-> 232.09841584158409
890	-> 276.9742574257425
891	-> 261.0659405940594
892	-> 237.7081188118811
893	-> 230.40178217821776
894	-> 260.66257425742566
895	-> 253.77445544554448
896	-> 282.02851485148506
897	-> 241.63306930693062
898	-> 225.8542574257425
899	-> 238.74772277227717
900	-> 221.22297029702966
901	-> 265.949702970297
902	-> 271.8451485148514
903	-> 240.17465346534647
904	-> 243.10099009900983
905	-> 239.1421782178217
906	-> 199.9247524752475
907	-> 258.80495049504947
908	-> 243.42475247524743
909	-> 262.3799999999999
910	-> 270.419405940594
911	-> 277.5237623762376
912	-> 245.74039603960395
913	-> 231.46277227722769
914	-> 239.9316831683168
915	-> 248.82950495049502
916	-> 230.17900990099005
917	-> 279.9784158415841
918	-> 239.92455445544547
919	-> 241.599207920792
920	-> 242.6334653465346
921	-> 248.6477227722771
922	-> 206.78851485148513
923	-> 258.1871287128712
924	-> 246.4948514851484
925	-> 240.58693069306926
926	-> 256.9164356435643
927	-> 242.94653465346528
928	-> 235.359801980198
929	-> 245.13980198019794
930	-> 262.99128712871277
931	-> 231.3902970297029
932	-> 236.69405940594055
933	-> 279.1900990099009
934	-> 238.9039603960395
935	-> 238.8754455445544
936	-> 231.97544554455445
937	-> 264.38376237623754
938	-> 244.79821782178215
939	-> 244.39841584158407
940	-> 273.22455445544546
941	-> 237.6843564356435
942	-> 239.59247524752467
943	-> 254.81287128712867
944	-> 238.009306930693
945	-> 271.2813861386138
946	-> 273.108712871287
947	-> 273.18059405940585
948	-> 275.5520792079207
949	-> 248.69702970297024
950	-> 244.7483168316831
951	-> 243.5102970297029
952	-> 204.41643564356434
953	-> 248.46475247524742
954	-> 255.84237623762368
955	-> 257.07326732673255
956	-> 256.3615841584158
957	-> 177.5245544554455
958	-> 234.63801980198014
959	-> 271.9467326732672
960	-> 222.76336633663362
961	-> 246.62376237623755
962	-> 218.94594059405935
963	-> 245.88772277227716
964	-> 255.9605940594059
965	-> 260.8871287128712
966	-> 249.86970297029697
967	-> 257.64475247524746
968	-> 256.31346534653454
969	-> 263.12732673267317
970	-> 239.8247524752475
971	-> 235.36277227722766
972	-> 263.22475247524744
973	-> 230.2621782178217
974	-> 248.63405940594055
975	-> 256.6247524752475
976	-> 251.7635643564356
977	-> 256.1061386138613
978	-> 258.5215841584158
979	-> 247.78217821782175
980	-> 280.4613861386138
981	-> 273.1312871287128
982	-> 251.2544554455445
983	-> 235.11445544554454
984	-> 240.14732673267318
985	-> 269.91504950495045
986	-> 257.67683168316825
987	-> 219.74851485148514
988	-> 242.91504950495045
989	-> 246.689702970297
990	-> 255.63683168316825
991	-> 235.47683168316823
992	-> 263.72079207920785
993	-> 224.91980198019803
994	-> 227.75881188118802
995	-> 250.9324752475247
996	-> 269.6364356435643
997	-> 242.6625742574257
998	-> 255.8970297029702
999	-> 265.2980198019801

Estimated true flux = 249.43437089108903
Sample stddev of fluxes = 17.18940439557882
Expected multiaccum sigma: 17.235411394585107
